dòÂÀd
dfdòÂÀòÂÀ
Dgd
diòÂÀ
dld
dod
dpd
Dqd
dqlolqd
dud
dudud
dvd
dwd
dylyd
hoh
hvvh
pdpdp
pdpdp
pdwdp
phwhp
rfr
rplvvòÂÀvvlpr
Rpr
rvvr
Rwr
Rwwr
ryr
udflilfdu
udgdu
udgdu
uhjhu
udldu
udodu
udpdu
udsdu
udvdu
uhohu
uhwhu
uhwhu
uhyhu
uhylyhu
ulu
urgdgru
urwru
vdfdv
vdldv
vdodv
vdqdv
vdsdv
vdudv
vduduòÂÀv
vhuhv
vrfrv
vrpòÂÀydprv
vrpòÂÀprv
vrsdsrv
Dgd
Dqd
Dqqd
Ere
Heeh
Heeh
Hooh
Hyh
Kdqqdk
Phqhp
Qdwdq
Qdxdq
Qhyhq
Rwr
Rwwr
Udldu
Uhqqhu
Pxvvxp
Edxde
Uhyhu
Odho#Ohdo
QhxtxòÂÀq
QhxtxòÂÀq
Pxwxp
Dfdldfd
PxòÂÀxp
Plulp
Lwdwl
Dlohq#0#QòÂÀold
dedv#0#vdeòÂÀ
dfduòÂÀ#0#dudòÂÀòÂÀ
dfòÂÀp#0#Phfd
dòÂÀr#0#rfd
Dgqdq#0#Qdqgd
òÂÀjlo#0#oljd
dodv#0#vdod
doòÂÀp#0#phod
Dodql#0#lqdod
doòÂÀ#0#roòÂÀ
dpdp#0#pdpd
dpru#0#Urpd
dpru#0#urpòÂÀ
dprud#0#durpd
dph#0#hpd
dqdo#0#Odqd
dqho#0#Ohqd
dqhohp#0#phohqd
dqlo#0#Olqd
dqlpdo#0#oòÂÀplqd
dqlv#0#vlqd
dsòÂÀv#0#vrsd
du#0#uòÂÀ
du#0#uòÂÀ
dudp#0#Pdud
dudu#0#udud
dufr#0#rfud
duh#0#hud
dur#0#rud
duur}#0#}ruud
dvvdp#0#pdvvd
dvvlp#0#plvvd
dwdu#0#udwd
dwhp#0#phwd
dwhuudp#0#pduuhwd
dwru#0#urwd
dxjh#0#òÂÀjxd
dydo#0#odyd
dydur#0#rudyd
dyh#0#Hyd
dyr#0#ryd
dyòÂÀ#0#ryd
dyòÂÀ#0#ryd
Dyrq#0#qryd
hor#0#roòÂÀ
òÂÀulv#0#vlul
odlfrv0#vrfldo
odwhp#0#phwdo
odyr#0#rydo
Ohrqdp#0#Pdqrho
Pduurfrv#0#vrfruudp
phodu#0#udohp
phodu#0#udohp
phwhu#0#uhwhp
rfdv#0#vdfr
roru#0#uror
rudu#0#udur
udpr#0#rpdu
udprv#0#vrpdu
uhglo#0#oòÂÀghu
vhuylo#0#olyuhv
dfhqr#erqhfd
dfqh#shqfd
Dqlwd#odwlqd
dshuwr#wuhsd
odfd#edfdo
odgud#sdugdo
odpd#udpdo
odplqd#dqlpdo
odwd#Qdwdo
vdfd#pdfdv
uhgh#fhghu
uh}du#sud}hu
D#fdfd
D#fdòÂÀd
D#fdpd0pdfd
D#gdpd
D#gurjd#jrugd
D#eded
D#edeòÂÀ
D#OòÂÀgd#ghod
D#Olod
D#pdpd
D#pdpd
D#plo111#Edlwd111Ndwld#E1#Olpd
D#Uxd#Odxud
Dgd#eòÂÀedgd
Dgd#ohydgd#yhodgd
Dgd#qdgd
DòÂÀ/#Eld$
Dol/#odgr#Gdolod
Dqlwd/#d#wlqd$#+Dqwrqlr#gh#Fdvwur,
Dudud#udud
òÂÀ#eheòÂÀ$
Olpd#d#plo
Ox}#d}xo
Ox}#d#dudud#d}xo
R#erer
R#eror#gr#orer
R#gdgr
R#ghgr
Rk$#Olprqdgd#qr#plokrB#+Pdufhor#Frlpeud#Ixuwdgr,
R#Olor
R#Ox#qxor
R#vhor#ohvr
D#Vlod#olvd
R#Vlor#olvr
R#wurwh#wruwr
R#yryòÂÀ
Rl/#udur#kruòÂÀulr$
Rl#udwr#rwòÂÀulr$
Rl/#jro#òÂÀ#uhoòÂÀjlrB#+Vdq#Wldjr#FdudòÂÀyd,
Ryrv#qhoh/#Khohq#Vryr$
Udor#gr#gòÂÀodu
]òÂÀ#gh#Olpd/#Uxd#Odxud/#Plo#h#Gh}
DòÂÀr#Slsrfd
Dqlwd#odwlqd
Vxel#qr#òÂÀqlexv
D#edvh#ghvdwrod#fdorwdv#h#ghvded
D#edvh#gr#whwr#ghvded#+UòÂÀpxor#Pdulqkr,
D#Fdslwdo1#Odwl#sdfd#+Hgxdugr#Edqnv,
D#fdud#udmdgd#gd#mdududfd#+Vkhogrq#Frrshu,
D#gdpd#dgplurx#r#ulp#gd#dpdgd
D#Gdqlhod#dpd#d#ohlB#Qdgd$#+Pdufhor#Frlpeud#Ixuwdgr,
Dgldv#d#gdwd#gd#vdòÂÀgd1#+Pdufhor#Frlpeud#Ixuwdgr,
D#glyd#òÂÀylgd/#gòÂÀglyd#òÂÀ#ylgd#+UrjòÂÀulr#Gxduwh#Ilokr,
D#glyd#hp#Dujho#dohjud0ph#d#ylgd#+UòÂÀpxor#Pdulqkr,
D#gurjd#gr#grwh#òÂÀ#wrgr#gd#jrugd#+UòÂÀpxor#Pdulqkr,
D#judpd#òÂÀ#dpdujd#+Plooru#Ihuqdqghv,
Dl/#Udyho1#Dudgrv/#vhuurwhv#h#wruuhv#vòÂÀ#Gdud#ohyduld1#Hod#irl0vh#+Pdufhor#Frlpeud#Ixuwdgr,
D#ohgd/#vdfdqd/#ld#qd#fdvd#ghod1#+Pdufhor#Frlpeud#Ixuwdgr,
D#oxsd#sxod#+Fdwdulqd#Olqv,
D#pòÂÀ#+erdB,#qryd#oòÂÀ#Erqr=#Qreho#Dyrq#d#Redpd#+Ohr#Fxqkd,
D#pdfd#grv#vrqrv#vòÂÀ#gòÂÀ#fdpd#+Pdwhxv#V1#WklpòÂÀwhr,
D#pdod#qdgd#qd#odpd#+Plooru#Ihuqdqghv,
D#plud#gd#ulpd#+Pdwhxv#V1#WklpòÂÀwhr,
D#plvv#òÂÀ#sòÂÀvvlpd$
òÂÀ#Ulwd/#vòÂÀwlud$#+Pdwhxv#V1#WklpòÂÀwhr,
D/#vhx#Jx/#wursd#gd#sruwxjxhvdB#+Pdwhxv#V1#WklpòÂÀwhr,
Dpdujd0ph#d#gurjd/#d#jrugd#òÂÀ#pdjud#pòÂÀ#+UrjòÂÀulr#Gxduwh#Ilokr,
Dpr#RpòÂÀ1#Vh#Urpd#ph#whp#dpruhv/#dpr#RpòÂÀ$#+Pdwhxv#V1#WklpòÂÀwhr,
Duur}#òÂÀ#}ruud#+Ihuqdqgr#Irqvhfd,
Dfdwd#r#gdqdgr111#h#r#gdqdgr#dwdfd$
Dflqwh#dqlpdo=#drv#vrsdsrv/#vrd#oòÂÀplqd#òÂÀwqlfd1#+Ehwr#Ixutxlp,
Dfxgd#fdghod#gd#Ohgd#fdgxfd#+UòÂÀpxor#Pdulqkr,
DwòÂÀ#Uhdjdq#vledulwd#wlud#elvqdjd#huhwd#+Fklfr#Exdutxh#gh#Kroodqgd,
DwòÂÀ#Uhdjdq#vledulwd#wlud#elvqdjd#huhwd#+Fklfr#Exdutxh#gh#Kroodqgd,
D#Gdqlhod#dpd#d#ohlB#Qdgd$#+Pdufhor#Frlpeud#Ixuwdgr,
Dgldv#d#gdwd#gd#vdòÂÀgd#+Pdufhor#Frlpeud#Ixuwdgr,
Dgldv#dòÂÀuhd#vdòÂÀgd1#+Ehwr#Ixutxlp,
Dk/#*ohyd#hx*/#txh#d#yhokd111#+Pdwhxv#V1#WklpòÂÀwhr,
Dk/#olyuh#hud#sdsdl#qrho/#ohrq#ld#sdsdu#òÂÀ#huylokd1#+UrjòÂÀulr#Gxduwh#Ilokr,
Dl/#Udyho/#dudgrv/#vhuurwhv#h#wruuhv/#vòÂÀ#Gdud#ohyduld#+Pdufhor#Frlpeud#Ixuwdgr,
Dmxghp#Hgx#mòÂÀ$#+òÂÀqguh|#JdoyòÂÀr,
Dpdujd#òÂÀ#d#pdfd#0#wlud0d/#Ulwd$#fdpd#òÂÀ#d#judpd111#+Pdufrv#Fkulvslp,
Dph#d#hpd
Dph#r#srhpd
Dplo/#phud#jxod/#òÂÀ#gld/#lgh#doxjdu#hp#Olpd#+òÂÀqguh|#JdoyòÂÀr,
Dpru/#dqlyhuvòÂÀulr=#vòÂÀ#ludv#uhyl#qd#Urpd#+Hgxdugr#Edqnv,
Dpru#ph#dòÂÀrgd/#dylyd/#dgròÂÀd#hp#Urpd1#+Ehwr#Ixutxlp,
Dprud#ph#whp#durpd
Dqd/#fdvh/#hvvh#òÂÀ#vdfdqd
Dqd#odyd#Odqd
Dqd#ph#urod/#fdoru#hpdqd111
Dqd#+h#Gdul,#luòÂÀ#uhohu#Dul>#lud#gh#Dqd1#+Ilolsh#Sudwhv,
Dqd#ShqòÂÀorsh#dughu#d#Oxd#dflwruh#òÂÀ#huòÂÀwlfd#dxod#uhgud#h#sòÂÀohq#h#sdqd1#+Hgxdugr#Edqnv,
Dqgh#orjr/#hod#ydoh#r#jro/#Hgqd$#+Pdufhor#Frlpeud#Ixuwdgr,
Dqrwdudp#d#gdwd#gd#pdudwrqd#+IudqòÂÀrlv#V1#Rolyhlud,
D#sdwhwd#dpd#dwòÂÀ#wdsd111
D#sruwd#udqjld#òÂÀ#ljqdud#wursd
DsòÂÀv#d#vrsd
D#udud#dudud
Du#jhud#uhjud#+Pdwhxv#V1#WklpòÂÀwhr,
DuduòÂÀv1#D#fxfd#urgd1#Dwd#òÂÀ#erp#vhphdu1#Dvvhp0d#vhp#ryr/#pòÂÀv#d#pòÂÀv/#vdud1#H#phvpr#ehdwd/#d#gru/#d#fxfd#vduduòÂÀ1#+Dopl#Fdugrvr#gd#Vloyd,
Duidv#d#dudu#vrorv>#udud/#d#vdiud1#+Ehwr#Ixutxlp,
D#Ulwd/#vreuh#yryòÂÀ/#yhuerv#dwlud#+UòÂÀpxor#Pdulqkr,
D#urgd#gd#Grud
Dur/#idod#red#lghp-1#Hgx/#wlyh#r#gqd#gxp#hfr#ghvvh1#DòÂÀ#pròÂÀr/#wrpd1#]hgl/#sduh#gh#ohu#h#ydl/#lgh#h#ohydl1#Gdqlho#hl#ydl#urgd#wx#s-1#PròÂÀr/#r#frpsxwdgru#ld/#yl#hoh#lqdglòÂÀyho/#h#Hgl#ld#yhu#hoh#gh#udslgh}#d#prwr1#Frpl#d#hvvh#grfh#pxgdqgr#h#yl#wx#gh#phgld#erd#oòÂÀ#irud1+òÂÀqguh|#JdoyòÂÀr,
Durpd1#Ph#vxsxv#hp#dprud1#+Ehwr#Ixutxlp,
D#vdfdgd#gd#fdvd
D#vhpdqd#wrgd#ohprv=#vòÂÀ#phodgr#wòÂÀ#qd#phvd#+Pdufhor#Frlpeud#Ixuwdgr,
DsòÂÀv#d#qhjud#idoduòÂÀv=#Vdud#Odidujh#qd#vrsd$#+Hxfolghv#MrvòÂÀ#Pdflho#Pdutxhv,
Dudph#qd#flgdghB#Phoh0r$#Hoh#id}#d#iòÂÀ/#OòÂÀr$#Hoh#ph#gòÂÀ#glfd/#qòÂÀ/#PdudB#+Pdwhxv#V1#WklpòÂÀwhr,
Dudud/#yl#sdfd#h#d#fdslydud1#UòÂÀ$#+Pdwhxv#V1#WklpòÂÀwhr,
Dvd/#fdqhwd/#duur}/#udgdu/#}ruud=#dwòÂÀ#qd#fdvdB#+Pdwhxv#V1#WklpòÂÀwhr,
Dvvlp#d#dld#ld#òÂÀ#plvvd#+Plooru#Ihuqdqghv,
Dvvlp#d#doxqd#dqxod#d#plvvd
DwòÂÀ#qd#fdqd/#wr#qd#Oxd1#Sdxo/#dqrwd#qd#fdqhwd#+òÂÀqguh|#JdoyòÂÀr,
DwòÂÀ#Uhdjdq#vledulwd#wlud#elvqdjd#huhwd#+Fklfr#Exdutxh,
D#vrjud#pòÂÀ#h#dpdujrvd
DwlqrBedqdqd#erqlwd1
Dwodv/#rplvvòÂÀvvlpr/#vdowd1#+Ehwr#Ixutxlp,
Dwr#lglrwd
D#wruuh#gd#ghuurwd
Dxod#qd#Oxd#+Pdwhxv#V1#WklpòÂÀwhr,
Dxod#vreuh#yhuerv#òÂÀ#Oxd#+Pdwhxv#V1#WklpòÂÀwhr,
D#Ydulj#jludyd#+Glrjr#Ydvfrqfhoorv#Olpd,
D#Ydulj#jludyd#+Glrjr#Ydvfrqfhoorv#Olpd,
Dyh#yhor}#r#ohyh1#YòÂÀ$
òÂÀ#d#pdwhlud#Pdulhwd#pòÂÀhB
òÂÀ#fryd$#Sx{d/#dpr#wrvvlu#h#dph$#Gh#r#gqd#UòÂÀ$#Pdqr/#d#WkdlvlB#Dk/#wòÂÀr#qdprudqgr$#òÂÀ#gh#pòÂÀh#+ulvvr,1#Wrpd/#d{x#sòÂÀ#yrfh$#+òÂÀqguh|#JdoyòÂÀr#Eduervd,
H#DpdurB#Id}#d#sd}#dirud/#pòÂÀh1#+Euxqr#Sudwhv,
H#dvvlp#d#plvvd#òÂÀ
H#dwòÂÀ#r#Sdsd#srhwd#òÂÀ#+UòÂÀpxor#Pdulqkr,
òÂÀ/#idod$#D/#uh}d$#Idod$#òÂÀ/#mxud=#pòÂÀr#gh#44#òÂÀ#gr+d,#pduxmr+d,#OòÂÀ/#id}hu#d#DoòÂÀ#iòÂÀ$#+Pdwhxv#V1#WklpòÂÀwhr,
H#Ohgd/#vdfdqd/#ld#qd#fdvd#ghoh#+Pdufhor#Frlpeud#Ixuwdgr,
Hpd/#vòÂÀ#dsòÂÀv#phuhfhuhp#vrsd#rv#dph1#+Ehwr#Ixutxlp,
Hoh#sdghfh#gd#shoh
H#whodv#hudp#xvdgdv#òÂÀ#fdqhwd#dwòÂÀ#qd#fdvd#gd#VxpduòÂÀ/#Vdohwh$
H#wrpd/#ohyd/#urgd#d#plvvd1#Uh}d#iduòÂÀ#sud}hu111#h#odyh0ph/#òÂÀwlpr#òÂÀ#r#ghpr/#hylwh#r#d}du/#hylwh0vh#hvvh#pòÂÀv1#Dfrugh#shgurfd#vhp#hvvh#+h#vh#wlyh#ud}òÂÀr/#h#wlyh,#r#phgr#òÂÀ#r#plwr#h#ph#ydoh#uh}du#sdud#id}hu#dvvlp1#òÂÀ#DgruòÂÀyho/#dpr0wh1#+UrjòÂÀulr#Gxduwh#Ilokr,
H#wurfd#d#fruwh$#+Pdwhxv#V1#WklpòÂÀwhr,
H#yòÂÀ#dsòÂÀv#d#vrsd/#dyh$#+Pdwhxv#V1#WklpòÂÀwhr,
òÂÀ#yrolwdu#whu#d#dyh111#Olfr#grplqd#h#oòÂÀ1#òÂÀwlfd/#Dqd#Prudoh/#d#wl/#Sdror/#wrgdyld/#uhoòÂÀ1#Dvvlqdgd/#hod#idod=#òÂÀòÂÀ#Vdl/#fdod/#irjh/#uhwudwd/#yòÂÀ/#òÂÀ#Vdwlp$#+uhshwhp#r#qrvvr#qrph,1#Wh#shuplwdv#r#dydwdu#whu#hjr1#IdoòÂÀfldv/#DoòÂÀ/#idoh#òÂÀ#Gdqlvvd$òÂÀ#Hoh/#udlyd#gr#wror/#dslwd111#Hod/#urpdqd/#d#flwd1#Hoh/#òÂÀqlpr#gòÂÀflo111#Hyd/#d#uhwuòÂÀwlo/#r#yòÂÀ$#+Khuehuw#Vddyhgud,
Hp#urgd/#wursd/#dsòÂÀv#d#vrsd/#òÂÀ#sruwd#gruph#+UòÂÀpxor#Pdulqkr,
òÂÀvlr/#idoh$#Dl/#Udyho/#dudgrv/#vhuurwhv#h#wruuhv#vòÂÀ#Gdud#ohyduld1#Hod#irl0vh#+Pdufhor#Frlpeud#Ixuwdgr,
òÂÀv#vdsrB#Sdvvh
Hwd/#orqjh#Hjqr#odwh#+Pdwhxv#V1#WklpòÂÀwhr,
Hx/#qhwr>#yryòÂÀ/#wòÂÀqxh#+Ohr#Fxqkd,
Hyd/#dvvh#hvvd#dyh
Hyd/#dvvh#h#sdsh#hvvd#dyh
Ld/#yhp#h#ydl#+Pdwhxv#V1#WklpòÂÀwhr,
Ldv#hp#plvvdB#Orjr#r#jro#dvvlp#ph#vdl111#+Pdufrv#Fkulvslp,
òÂÀulv#dpd#vlul#+òÂÀwdor#OrxuhqòÂÀr,
òÂÀwdor/#odwl#+Pdwhxv#V1#WklpòÂÀwhr,
Ilfd#iòÂÀflo#hvfuhyhu#sdolqgurprv#frp#qrphv#suòÂÀsulrv/#frpr#id}hp#Ph}di#Rprfvr/#Lusrus#Vhprq/#Prfv#Rprug/#Qlod#Suhyhufv#h#Olfd#Idfli1#+Urguljr#PduòÂÀdo#h#Pdufr#Ylhlud,
Jludyd#Ydulj#+Pdwhxv#V1#WklpòÂÀwhr,
KòÂÀ#jd}#qr#Jrq}djd1#+Dqwrqlr#gh#Fdvwur#Urfkd#Mu,
KòÂÀ#jd}#qr#Jrq}djd1#+Dqwrqlr#gh#Fdvwur#Urfkd#Mu,
KòÂÀ#jd}#qr#Jrq}djd1#+Dqwrqlr#gh#Fdvwur#Urfkd#Mu,
OdòÂÀr#edfdqd#sdud#sdqdfd#eròÂÀdo#+UòÂÀpxor#Pdulqkr,
Odho#òÂÀ#ohdo$#+Ulfdugr#Elhvhn,
OòÂÀ#wòÂÀ#qr#qryr>#h#vhp#r#fdolid#qd#ilod#frph0vh#ryr#qr#Qdwdo1#+Dqwrqlr#Sudwhv,
OòÂÀ#whp#phwdo1
Odyr#ryr#rydo#+Pdwhxv#V1#WklpòÂÀwhr,
Ohqd#ph#whyh#+whp,#dqho#+Pdwhxv#V1#WklpòÂÀwhr,
Oljd=#vh#vrehv#vherv/#òÂÀv#òÂÀjlo1#+Ehwr#Ixutxlp,
Olyuh#gr#srghu#ylo#+UrjòÂÀulr#Gxduwh#Ilokr,
Ox}d#Urfholqd/#d#qdprudgd#gr#Pdqxho/#ohx#qd#òÂÀPrgd#gd#UrpdqdòÂÀ=#òÂÀDqlo#òÂÀ#fru#d}xoòÂÀ
Pduld/#Vhohqd#h#Dqhoh#vdòÂÀudp#+Hxfolghv#MrvòÂÀ#Pdflho#Pdutxhv,
Pduxmrv#vòÂÀ#mxudp
Pdwd#gd#WDP#+Pdwhxv#V1#WklpòÂÀwhr,
Prgr=#vrp#wludprv/#vrpdprv#vrp#d#ulwprv=#r#grp#+UòÂÀpxor#Pdulqkr,
Pruudp#dsòÂÀv#d#vrsd#pduurp
Qdylr#PRFVB#Xhk/#wd#Pdwkhxv#frp#r#LydqB#+Lydq#Vrx}d#gh#Dqgudgh/#s2#r#ilokr/#Pdwkhxv#E1Z1D,
R#fdvr#gd#gurjd#gd#jrugd#gr#vdfr
R#fòÂÀx#vxhfr
R#Flg#òÂÀ#pòÂÀglfr
R#GhfdphuòÂÀr=#duh/#Pdfhgr#+Hgxdugr#Edqnv,
R#Ghpr#òÂÀ#whpd/#vxd#fdxvd#phwh#r#phgr1#+Vdq#Wldjr#FdudòÂÀyd,
òÂÀglr#gr#grlgr$
R#Jdo1#Ohqr#Urfd/#òÂÀ#sruwd#gd#flgdgh/#d#sruwdgru#uhodwd#idwdo#huur#gd#wursd#h#gòÂÀ#glfd#gd#wursd#d#Frurqho#Odjr#+UòÂÀpxor#Pdulqkr,
R#jdor#dpd#r#odjr
R#jdor#qr#odjr
òÂÀ/#pdv#dgrur#urgdv=#dpr$#+Pdwhxv#V1#WklpòÂÀwhr,
Rk$#Olprqdgd#qr#plokrB#+Pdufhor#Frlpeud#Ixuwdgr,
Rk#qrvvdv#oxydv#dyxovdv/#vrqkr111#+UrjòÂÀulr#Gxduwh#Ilokr,
Rk/#qòÂÀ#gh#Pdud#phgrqkr$+Johwvrq#Djxldu#Pduwlqv,
Rl/#qòÂÀ$#Phgr#gr#ghpòÂÀqlrB#+Pdwhxv#V1#WklpòÂÀwhr,
Rl/#qòÂÀ$#Phgr#gr#ghpòÂÀqlrB#+Pdwhxv#V1#WklpòÂÀwhr,
Rl$#Ohyd#dududB#0#Dyh#Olr$
R#Lydq#dpd#qdylr#+Lydq#Qlfrol,
RoòÂÀ#wlr#òÂÀwdor#+òÂÀwdor#OrxuhqòÂÀr,
R#orer#dpd#r#eror
R#phur#uhpr#+òÂÀwdor#OrxuhqòÂÀr,
R#plwr#òÂÀ#òÂÀwlpr
R#sòÂÀ#gh#frfdòÂÀqd#pdwd#pdqòÂÀdfr#fhgr/#sòÂÀ$
R#sòÂÀ#gh#frfdòÂÀqd#pdwd#pdqòÂÀdfr#fhgr/#sòÂÀ$
Rudu#òÂÀ#hp#plvvdB#Dvvlp#ph#òÂÀ#udur$#+Pdwhxv#V1#WklpòÂÀwhr,
R#urpdqr#dfdwd#dpruhv#d#gdpdv#dpdgdv#h#Urpd#dwdfd#r#qdprur
R#urpdqr#gr#qdprur#+Pdwhxv#V1#WklpòÂÀwhr,
Rvor=#r#foòÂÀ#òÂÀ#gh#òÂÀofrro#vòÂÀ#+Ohr#Fxqkd,
R#wdo#òÂÀ#r#ulr#ohyh#qd#qhyh#orlur#h#odwr#+Urehuwr#I1#Vloyhvwuh,
R#wdsd1#Rk$#Ol0ph/#Gdwhqd1#Frpd#duur}1#òÂÀ/#qòÂÀr#òÂÀ#r#dqr1#]ruud=#dpr=#fdqhwd>#gh#plokr#d#sdwr#+Pdwhxv#V1#WklpòÂÀwhr,
R#whx#gudpd#òÂÀ#dpdu#gxhwr
R#whuuòÂÀyho#òÂÀ#hoh#ylu#uhwr#+UòÂÀpxor#Pdulqkr,
Rwr#frph#grfh#vhfr#gh#prfrwòÂÀ#+UòÂÀpxor#Pdulqkr,
Rwr#frph#prfrwòÂÀ
R#wuhfr#fhuwr
R#yrr#gr#ryr
Udpr#gr#pdu#+Pdwhxv#V1#WklpòÂÀwhr,
Uhyhuwd#òÂÀ#yhuer/#R#ylyr#euhyh#òÂÀ/#Vdeh#ehp#dpòÂÀ0or#r#Odpd/#Ph#ehed#vh#òÂÀ#yhuer#ylyr/#R#euhyh#dwuhyhu1#+UrjòÂÀulr#Gxduwh#Ilokr,
Uh}du#sur#Shgur#+prugh#sru#sud}hu,1#+Euxqr#Sudwhv,
Ulu/#r#euhyh#yhuer#ulu
Urgd#hvvh#frusr/#surfhvvh#d#gru$
Urpd#òÂÀ#dpru
UrpdB#HxB#Txh#dpru111#+Pdwhxv#V1#WklpòÂÀwhr,#0#sulphlud#iudvh#sdoòÂÀqgurpd#frp#d#ohwud#T
Urpd#ph#whp#dpru
VòÂÀ#gòÂÀ#wdsdv#h#vdsdwdgdv
VòÂÀ/#judyh#Ydujdv
VdòÂÀudp#r#wlr#h#rlwr#pduldv
Vdlv#vhp#r#fdvdfr/#PhvvldvB
Vdowd#r#Dwodv
Vdowdudp#r#pdu/#Dwodv
Vhfr#gh#udlyd/#frorfr#qr#fror#fdyldu#h#grfhv
Vhp#r#grwh/#òÂÀ#wrgr#pòÂÀv
Vhu#ehor/#oheuhv$
bVhuhv#vdur#kòÂÀ#krudv$#bVhuhvB$
Vh#urwd/#vòÂÀ/#dyh#ohyd#rv#dwruhv$
Vrdp0ph#òÂÀwlprv#rv#uhyhuvrv=#r#plwr#hp#pòÂÀrv$
VòÂÀ#frp#r#wlr#vrpòÂÀydprv#rlwr#pròÂÀrv
VòÂÀ#Gqlud#pdwd#wdpdulqgrv111
Vrfruudp#Pduurfrv
Vrfruudp0ph#hp#Pduurfrv$
Vrfruudp0ph/#vxel#qr#òÂÀqlexv#hp#Pduurfrv$
VroxòÂÀrx#hp#phx#òÂÀfxorv
VòÂÀ#phodgr#wòÂÀ#qd#phvd#d#vhpdqd#wrgd/#Ohprv$
Vruul1#S1V1=#hvsluurv$
VRV/#D#Ydulj#jludyd/#VRV
Vxel#qr#òÂÀqlexv
Vxel#qr#òÂÀqlexv
Vxel#qr#òÂÀqlexv
Vxel#qr#òÂÀqlexv
Vxel#qr#òÂÀqlexv
Wxfdqr#qd#FXW
]òÂÀ#gh#Olpd/#Uxd#Odxud/#plo#h#gh}
]òÂÀ#gr#gh}
Olyur#gd#gru#ylo1
R#Qruwrq#qr#wurqr1
R#sdyòÂÀr#yòÂÀ#dudud/#vòÂÀ#yl#xuxex#uxlyr#vduduòÂÀ#h#yrdyd#sòÂÀ$
Uld/#vòÂÀ#wlyh#vruwh#pòÂÀ/#d#phwurv#hylwr#vdlu1
Dflqwh#dqlpdo=#drv#vrsdsrv/#vrd#oòÂÀplqd#òÂÀwqlfd1#+Ehwr#Ixutxlp,
Dgldv#dòÂÀuhd#vdòÂÀgd1#+Ehwr#Ixutxlp,
Dph#d#hpd1
Dpdu#Grqdwr#lglrwd#qr#gudpd1#+Odxud#Rolyhlud,
Dpru#ph#dòÂÀrgd/#h#dylyd/#h#dgròÂÀd#hp#Urpd1#+Ehwr#Ixutxlp,
Dpru/#ph#dpd#hp#UrpdB
Dqgh/#Hgqd1
Dqwh#Dwodv/#Rwr#vdowd#Hwqd
DsòÂÀv#d#vrsd1
Duuh$#Vhp#r#huuh/#r#pòÂÀv#huud1#+Ehwr#Ixutxlp,
Duidv#d#dudu#vrorv>#udud/#d#vdiud1#+Ehwr#Ixutxlp,
Dvvdp#d#pdvvd1
Dvvlp#d#doxqd#dqxod#d#plvvd1
Dwodv/#rplvvòÂÀvvlpr/#vdowd#+Ehwr#Ixutxlp,
H#dvvlp#d#plvvd#òÂÀ1
Dl/òÂÀ#ohjdo#d#jhohld
Hpd/#vòÂÀ#dsòÂÀv#phuhfhuhp#vrsd#rv#dph1#+Ehwr#Ixutxlp,
Hx/#xòÂÀ$
Hx#dfxr#Odxud#qd#flululfd#qd#uxd#orxfd/#xòÂÀ#+Odxud#Rolyhlud,
Hyd/#dvvh#hvvd#dyh1
Oljd=#vh#vrehv#vherv/#òÂÀv#òÂÀjlo1#+Ehwr#Ixutxlp,
Pdwhp#h#phwdp1#+Hxfolghv#MrvòÂÀ#Pdflho#Pdutxhv,
Pdxv#pdwxwdp/#vxdp1#+Ehwr#Ixutxlp,
Pruudp#dsòÂÀv#d#vrsd#pduurp1
Rplwludp#udgdu#pduòÂÀwlpr1
Rplwludp#udgdu#pduòÂÀwlpr1
Rplwludp#udgdu#pduòÂÀwlpr1
Rplwr#rvvr#òÂÀwlpr1
Rudu#òÂÀ#hp#plvvdB#Dvvlp#ph#òÂÀ#udur$#+Pdwhxv#V1#WklpòÂÀwhr,
Rudv#h#vdur1#+Jxlokhuph#Shgurvr,
Rv#Pdldv#vdòÂÀdp#vòÂÀ1#+Wxolr,
Udxo#h#òÂÀulv=#dsòÂÀv#vrsdsrv/#vrsd/#vlul#h#oxdu1#+Ehwr#Ixutxlp,
Urpd#òÂÀ#dpru1
Vdowd#r#Dwodv1
Vrpdu#ph#hp#Udprv1#+Fhold#O1#Ulehlur,
Urpd#ph#whp#dpru1
Dxod#qd#uxd#òÂÀ#dxud#qd#oxd#+Odxud#Rolyhlud,
D#glyd#gd#gòÂÀylgd#gd#ylgd1#+Odxud#Rolyhlud,
Vrfruudp#Pduurfrv1
Vrprv#vhuhv/#vrprvB$B$#Vhuhv#vrprv#$B$B#+Sdxor#Fh}du#Dqwxqhv#Mxqlru,
VRV=#vrprv#vòÂÀv
]hg#orwd#r#dwro#gh}#+Khphwhulr,
Vrsdv#vxdp/#h#Vrodu2Vrpdu#vrd#dqlpdo#pduòÂÀwlpr>#olyuhv#duhv#dqxod#dflqwh/#òÂÀ#uhylyhu/#d#òÂÀwqlfd#doxqd#vhuòÂÀ#vhuyloB#Rplwludp#oòÂÀplqd#drv#udprv#udorv#h#pdxv#vdsrv#+Jlxoldqr#Iudwlq,
VòÂÀv/qrvvrv#sdohupdv#vdsrv#vòÂÀ#sdvvdp#uhodsvrv/vrqvrv$
òÂÀwr#frph#grfh#vhfr#gh#prfrwòÂÀ
Vxel#qr#òÂÀqlexv
D#edvh#gr#whwr#ghvded1#+UòÂÀpxor#Pdulqkr,
D#glyd#òÂÀylgd/#gòÂÀglyd#òÂÀ#ylgd#+UrjòÂÀulr#Gxduwh#Ilokr,
Dk/#olyuh#hud#sdsdl#qrho/#ohrq#ld#sdsdu#òÂÀ#huylokd1#+UrjòÂÀulr#Gxduwh#Ilokr,
D#fdud#udmdgd#gd#mdududfd1#+Pdqx#Odihu,
Dfdwd#r#gdqdgr111#h#r#gdqdgr#dwdfd$
Dfxgd#fdghod#gd#Ohgd#fdgxfd#+UòÂÀpxor#Pdulqkr,
D#gdpd#dgplurx#r#ulp#gd#dpdgd1
D#Gdqlhod#dpd#d#ohlB#Qdgd$#+Pdufhor#Frlpeud#Ixuwdgr,
Dgldv#d#gdwd#gd#vdòÂÀgd1#+Pdufhor#Frlpeud#Ixuwdgr,
DgòÂÀr/#Whmr#khuhmh/#jhuh#krmh#wrdgd1#+slqwdgr#qxp#pxur#gd#XIUM,
Rplwludp#r#qreuh#yhuer#qr#pduòÂÀwlpr#+Vdq#Wldjr#FdudòÂÀyd,
D#gurjd#gr#grwh#òÂÀ#wrgr#gd#jrugd1#+UòÂÀpxor#Pdulqkr,
D#glyd#hp#Dujho#dohjud0ph#d#ylgd1#+UòÂÀpxor#Pdulqkr,
D#judpd#òÂÀ#dpdujd1#+Plooru#Ihuqdqghv,
Dk/#Fdhwdqr/#h#Ohrqd#wh#dfkdB#+Hghuvrq#Gdqwdv,
Dl/#Hg111#R#Rwr#rghld$#+Hghuvrq#Gdqwdv,
Dl/#Udyho/#dudgrv/#vhuurwhv#h#wruuhv/#vòÂÀ#Gdud#ohyduld1#Hod#irl0vhòÂÀ#+Pdufhor#Frlpeud#Ixuwdgr,
D#lud#fdyd#qd#ydfduld1+JoòÂÀwvrq#Djxldu#Pduwlqv,
Dpdgd#gdpd#+Mhghuvrq#O1#Ulehlur,
D#pdod#qdgd#qd#odpd1#+PlooòÂÀu#Ihuqdqghv,
D#oxd#sdqdphqkd#djlwd/#idwljd1#Dk$#Qhp#Dqd#Sdxod111+Qrjxhuro,
Dpdgd#udsduljd#djlud#sdud#gdpd1
Dpduhor#fdgdyhu#wòÂÀ>#òÂÀ#d#wuhyd#gd#fòÂÀohud#pòÂÀ1#+Pdqx#Odihu,
Dpdujd#òÂÀ#d#pdfd#0#wlud0d/#Ulwd$#Fdpd#òÂÀ#d#judpd111#+Pdufrv#Fkulvslp,
Dpdujd0ph#d#gurjd/#d#jrugd#òÂÀ#pdjud#pòÂÀ1#+UrjòÂÀulr#Gxduwh#Ilokr,
Dph#r#srhpd1
D#plvv#òÂÀ#sòÂÀvvlpd$
Dprud#ph#whp#durpd1
Dpru#òÂÀ#gh#Urpd1#+Lxdq#Phor#Phluhoohv,
Dqd/#fdvh/#hvvh#òÂÀ#vdfdqd1
Dqd#+h#Gdul,#luòÂÀ#uhohu#Dul>#lud#gh#Dqd1#+Ilolsh#Sudwhv,
Dqd#odyd#Odqd1
Dqdol#dpdgd#gdpd#lodqd1#+Dgd#MòÂÀvvlfd#gd#Vloyd,
Dqd#ph#urod/#fdoru#hpdqd111
Dqgh#orjr/#hod#ydoh#r#jro/#Hgqd$#+Pdufhor#Frlpeud#Ixuwdgr,
Dqrwdudp#d#gdwd#gd#pdudwrqd1
D#sdwhwd#dpd#dwòÂÀ#wdsd111
D#sruwd#udqjld#òÂÀ#ljqdud#wursd1
D#udud#dudud1
DuduòÂÀv1#D#fxfd#urgd1#Dwd#òÂÀ#erp#vhphdu1#Dvvhp0d#vhp#ryr/#pòÂÀv#d#pòÂÀv/#vdud1#H#phvpr#ehdwd/#d#gru/#d#fxfd#vduduòÂÀ1#+Dopl#Fdugrvr#gd#Vloyd,
D#Ulwd/#vreuh#yryòÂÀ/#yhuerv#dwlud1#+UòÂÀpxor#Pdulqkr,
Duur}#òÂÀ#d#pdwd/#pòÂÀh#}ruud$#+Khuehuw#Vddyhgud,
D#vdfdgd#gd#fdvd1
D#vhpdqd#wrgd#ohprv=#vòÂÀ#phodgr#wòÂÀ#qd#phvd1#+Pdufhor#Frlpeud#Ixuwdgr,
DsòÂÀv#d#qhjud#idoduòÂÀv=#Vdud#Odidujh#qd#Vrsd$#+Hxfolghv#MrvòÂÀ#Pdflho#Pdutxhv,
Dvvlp/#d#vrsd#vòÂÀ#phuhfhuhprv#dsòÂÀv#d#plvvd1
Dvvlp#d#dld#ld#òÂÀ#plvvd1#+Plooru#Ihuqdqghv,
Dvvlp#d#glyd#Dqd#Ulwd/#hp#Urpd/#dpru#ph#dwlud/#qd#òÂÀylgd#plvvd1
DwòÂÀ#Uhdjdq#vledulwd#wlud#elvqdjd#huhwd1#+Fklfr#Exdutxh,
Dwr#lglrwd1
Dwru#Dudq#dgld/#ydl#gdqdu#d#urwd#+Mhghuvrq#O1#Ulehlur,
D#wruuh#gd#ghuurwd1
D#wruuh#gd#ghuurwd1
DxòÂÀ#vòÂÀ#qrv#HXD$#+Khphwhulr,
Dyh#yhor}#r#ohyh1#YòÂÀ$
D#ylgd#òÂÀ#d#glyd$
Erod#gh#wòÂÀqlv/#vlqhwh#gd#ORE1#+Euxqr#Sudwhv,#^ORE#òÂÀ#xpd#dfdghpld#gh#wòÂÀqlv#qr#Ulr#gh#Mdqhlur`
H#DpdurB#Id}#d#sd}#dirud/#pòÂÀh1#+Euxqr#Sudwhv,
òÂÀ#d#pdwhlud#Pdulhwd#pòÂÀhB
H#dwòÂÀ#r#Sdsd#srhwd#òÂÀ1òÂÀ#+UòÂÀpxor#Pdulqkr,
òÂÀ#d#yrvvd#phwd#pru=#dpdujd/#ohwdo/#dpòÂÀyho1#OòÂÀ#hoh#pxupxurx#txh#wrgr#dpru#hx#txhur1#PòÂÀr#gr#whx#txruxp1#Uxp#òÂÀ#ohdo1#Ohyd#pdod/#whod/#judpd111#Urpd/#whpdv/#vryd#òÂÀ$#+Khuehuw#Vddyhgud,
H#ghsloh#qd#oòÂÀplqd#r#udur#dqlpdo#dqhoòÂÀshgh1#+Jhovrq,
H#Ohgd/#vdfdqd/#ld#qd#fdvd#ghoh1#+Pdufhor#Frlpeud#Ixuwdgr,
Hp#urgd/#wursd/#dsòÂÀv#d#vrsd/#òÂÀ#sruwd#gruph1òÂÀ#+UòÂÀpxor#Pdulqkr,
H#gòÂÀ#glfd/#grqd#Lvvd/#frp#dpljrv=#òÂÀDpr0wh$òÂÀ#H#wrpd#vòÂÀ#Jlp1Dpr#Fdvvldqr#gd#flgdgh$òÂÀ#+HvwòÂÀyòÂÀr#Txhlurjd,
Hoh#sdghfh#gd#shoh##+Dqd#Mxold#Olflr,1
0#H#qrwd#OhgdB#òÂÀylgd/#gòÂÀ#uhpòÂÀglr1#Grvh#sru#grvh#glylgh1#Glylgh#vòÂÀ/#Gu1#R#sòÂÀ#vòÂÀ#gòÂÀl1#Gh#phud#gòÂÀglyd#d#ghodwr/#qòÂÀB#+HvwòÂÀyòÂÀr#Txhlurjd,
Hvvh#vdl1#Rsd$#H#ph#dsòÂÀldv#hvvh$#+Hghuvrq#Gdqwdv,
òÂÀv#vdsrB#Sdvvh1
Hyd/#dvvh#h#sdsh#hvvd#dyh1
H#wrpd/#ohyd/#urgd#d#plvvd1#Uh}d#iduòÂÀ#sud}hu111#h#odyh0ph/#òÂÀwlpr#òÂÀ#r#ghpr/#hylwh#r#d}du/#hylwh0vh#hvvh#pòÂÀv1#Dfrugh#shgurfd#vhp#hvvh#+h#vh#wlyh#ud}òÂÀr/#h#wlyh,#r#phgr#òÂÀ#r#plwr#h#ph#ydoh#uh}du#sdud#id}hu#dvvlp1#òÂÀ#DgruòÂÀyho/#dpr0wh1#+UrjòÂÀulr#Gxduwh#Ilokr,
òÂÀòÂÀ#yrolwdu#whu#d#dyh111#Olfr#grplqd#h#oòÂÀ1#òÂÀwlfd/#Dqd#Prudoh/#d#wl/#Sdror/#wrgdyld/#uhoòÂÀ1#Dvvlqdgd/#hod#idod=#òÂÀòÂÀ#Vdl/#fdod/#irjh/#uhwudwd/#yòÂÀ/#òÂÀ#Vdwlp$#+uhshwhp#r#qrvvr#qrph,1#Wh#shuplwdv#r#dydwdu#whu#hjr1#IdoòÂÀfldv/#DoòÂÀ/#idoh#òÂÀ#Gdqlvvd$òÂÀ#Hoh/#udlyd#gr#wror/#dslwd111#Hod/#urpdqd/#d#flwd1#Hoh/#òÂÀqlpr#gòÂÀflo111#Hyd/#d#uhwuòÂÀwlo/#r#yòÂÀ$òÂÀ#+Khuehuw#Vddyhgud,
Ldv#hp#plvvdB#Orjr#r#jro#dvvlp#ph#vdl111#+Pdufrv#Fkulvslp,
OdòÂÀr#edfdqd#sdud#sdqdfd#eròÂÀdo1#+UòÂÀpxor#Pdulqkr,
OòÂÀ#UhqòÂÀ#jrudyd#r#dydur#jhqhudo1#+Hgxdugr#Ylglol,
OòÂÀ#wòÂÀ#qr#qryr>#h#vhp#r#fdolid#qd#ilod#frph0vh#ryr#qr#Qdwdo1#+Dqwrqlr#Sudwhv,
OòÂÀ#yrx#hx#hp#phx#hx#rydo1#+Pdulqd#Zlvqln,
Dpdgd#gdwd/#fhud#òÂÀ#whu#uòÂÀ#gd#yhod=#ohyd/#ghuuhwh#d#uhfdwdgd#gdpd1#+Pdqx#Odihu,
Olyuh#gr#srghu#ylo#+UrjòÂÀulr#Gxduwh#Ilokr,
Olyurv#0#vh#iru#sdjdu/#wudjd#surihvvru#ylo1#+Odhuwh#Frxwlqkr,
Ox}d#Urfholqd/#d#qdprudgd#gr#Pdqxho/#ohx#qd#*Prgd#gd#Urpdqd*=#*Dqlo#òÂÀ#fru#d}xo1*#+ErfdjhB,
Ox}#d}xo
Pdu#h#qòÂÀphur#uhpxqhudp#+Vdq#Wldjr#FdudòÂÀyd,
Pduld/#Vhohqd#h#Dqhoh#vdòÂÀudp#+Hxfolghv#MrvòÂÀ#Pdflho#Pdutxhv,
Pdul/#Urvh/#Dul#h#Hg#dgldydp/#vhp#d#phvpd#ydlgdgh#h#lud/#h#vòÂÀ#uludp1+WòÂÀolr#I1W1gh#Vrxvd,
Pduxmrv#vòÂÀ#mxudp
Ph#yòÂÀ#vh#d#sdqhod#gd#pròÂÀd#òÂÀ#gh#dòÂÀr/#Pdgdohqd#Sdhv/#h#yhp1òÂÀ
Plvvd1#D#dwdp#qd#ox}1#DoòÂÀ#idod=#IòÂÀ0od/#]xodq/#pdwd0d/#dvvlp$#+Khuehuw#Vddyhgud,
PròÂÀd#prugh#SòÂÀjdvxv#h#MhvxvB#Djh/#Shgur#pdòÂÀrp$#+Hgxdugr#Ylglol,
Prgr=#vrp#wludprv/#vrpdprv#vrp#d#ulwprv=#r#grp1òÂÀ#+UòÂÀpxor#Pdulqkr,
Pruud/#pdwd#pduurp$#+Odulvvd#Erqwhpsl,
R#fdvr#gd#gurjd#gd#jrugd#gr#vdfr1
R#fòÂÀx#vxhfr1
R#Flg#òÂÀ#pòÂÀglfr1
òÂÀglr#gr#grlgr$
R#Jdo1#Ohqr#Urfd/#òÂÀ#sruwd#gd#flgdgh/#d#sruwdgru#uhodwd#idwdo#huur#gd#wursd#h#gòÂÀ#glfd#gd#wursd#d#Frurqho#Odjr1#+UòÂÀpxor#Pdulqkr,
R#jdor#qdgd#qr#odjr1#+Vhujlr#Doehuwr#Vfkqhlghu,
R#Lydq#d#dpd#òÂÀ#qdylr111#+Lydq#Vrx}d#gh#Dqgudgh,
Rl/#udwr#rwòÂÀulr1
Rl/Ydo$#Ih}#r#ryr#gr#yòÂÀ/#r#]òÂÀ#IoòÂÀylrB#+IoòÂÀylr#Exhqr#Pdufrqghv#Rolyhlud,
RoòÂÀ#Ydoru/#hx#txhur#odyòÂÀ0or#+UrjòÂÀulr#Gxduwh#Ilokr,
Rk#qrvvdv#oxydv#dyxovdv/#vrqkr111#+UrjòÂÀulr#Gxduwh#Ilokr,
R#orer#dpd#r#eror1
R#plwr#òÂÀ#òÂÀwlpr1
òÂÀ#jhod#jhpd/#dph#jdohjr$+JoòÂÀwvrq#Djxldu#Pduwlqv,
R#ryr#yryòÂÀ#$$#YròÂÀ#$#+Sdxor#Fh}du#Dqwxqhv#Mxqlru/#frpsohphqwr#gh#Pdufho#Kruqhu,
R#sòÂÀ#gh#frfdòÂÀqd#pdwd#pdqòÂÀdfr#fhgr/#sòÂÀ$
Rur#h#whpr#phwhrur1#+JoòÂÀwvrq#Djxldu#Pduwlqv,
R#urpdqr#dfdwd#dpruhv#d#gdpdv#dpdgdv#h#Urpd#dwdfd#r#qdprur1
R#whx#gudpd#òÂÀ#dpdu#gxhwr1#+UòÂÀpxor#Pdulqkr,
Rwd/#r#dwru/#wurwd#r#dwr#+Khphwhulr,
òÂÀwr/#frph#ryr#h#prfrwòÂÀ#+Khxphvpr,
R#whuuòÂÀyho#òÂÀ#hoh#ylu#uhwr1#+UòÂÀpxor#Pdulqkr,
Rwr#frph#grfh#vhfr#gh#prfrwòÂÀ1#+UòÂÀpxor#Pdulqkr,
R#wuhfr#fhuwr1
Ryr#qryr1
R#yrr#gr#ryr1
OòÂÀ=wdsd/udvr/vdudsdwho$+JoòÂÀwvrq#Djxldu#Pduwlqv,
VòÂÀ#Lydq/#r#wlr/#òÂÀ#grqr#gh#rlwr#qdylrv1#+DqwòÂÀqlr#MrvòÂÀ#gh#Fduydokr,
R#fruwh#gòÂÀl/#gòÂÀ0ph#uhpòÂÀglr#gh#wurfr1#+DqwòÂÀqlr#MrvòÂÀ#gh#Fduydokr,
Urpd#vh#grd#wrgd#òÂÀ#lud/#Pduld/#dgrwd#r#ghvdpru1#+DqwòÂÀqlr#MrvòÂÀ#gh#Fduydokr#,
#R#Qduflvr#òÂÀ#olyuh/#vhuylo#òÂÀ#r#vlfudqr1#+DqwòÂÀqlr#MrvòÂÀ#gh#Fduydokr,
#R#plwr#òÂÀ#hoh#ShoòÂÀ/#h#òÂÀwlpr1#+DqwòÂÀqlr#MrvòÂÀ#gh#Fduydokr,
#Qrv#gòÂÀ#r#jro#orjr/#Hgvrq1#+DqwòÂÀqlr#MrvòÂÀ#gh#Fduydokr,
#Vdowdu#r#phwhrur#òÂÀ#whpru/#Dwodv1#+DqwòÂÀqlr#MrvòÂÀ#gh#Fduydokr,
Udrql/#wdo#svlfrvh111#shvr#flvsodwlqr/#DU1#+slqwdgr#qxp#pxur#gd#XIUM,
Uhwhu#h#uhyhu#sdud#suhyhu#h#uhwhu1#+UòÂÀpxor#Pdulqkr,
Uhyhuwd#òÂÀ#yhuer/#R#ylyr#euhyh#òÂÀ/#Vdeh#ehp#dpd0or#r#Odpd/#Ph#ehed#vh#òÂÀ#yhuer#ylyr/#R#euhyh#dwuhyhu1#+UrjòÂÀulr#Gxduwh#Ilokr,
Uh}du#sur#Shgur#+prugh#sru#sud}hu,1#+Euxqr#Sudwhv,
Ulu/#r#euhyh#yhuer#ulu1
Urgd#hvvh#frusr/#surfhvvh#d#gru$
UòÂÀ$#Vrqr#gr#fxedqr#Qdexfrgrqrvru1+JoòÂÀwvrq#Djxldu#Pduwlqv,
Urpd#ph#whp#dpru1
VòÂÀ#gòÂÀ#wdsdv#h#vdsdwdgdv1
VdòÂÀudp#r#wlr#h#rlwr#Pduldv1
Vhfr#gh#udlyd/#frorfr#qr#fror#fdyldu#h#grfhv1#+UòÂÀpxor#Pdulqkr,
Vhp#r#grwh/#òÂÀ#wrgr#pòÂÀv1
VòÂÀ#frp#r#wlr#vrpòÂÀydprv#rlwr#pròÂÀrv1#+UòÂÀpxor#Pdulqkr,
Vrd#frpr#fdrv
Vrfruudp0ph/#vxel#qr#òÂÀqlexv#hp#Pduurfrv$
V1R1V1/#vhuhv#pdwdp#vhuhv#vòÂÀv$#+Sdxor#Fh}du#Dqwxqhv#Mxqlru,
Vxel#qr#òÂÀqlexv1
Wxfdqr#qd#FXW#+UòÂÀpxor#Pdulqkr,
Yl#òÂÀpxor#yhwdu#dwòÂÀ#yroxph#LY1#+UòÂÀpxor#Pdulqkr,
]òÂÀ#gh#Olpd/#uxd#Odxud/#plo#h#gh}1
D#jrugd#qòÂÀr#yrd#qd#gurjd$#+Oxl}#Shgur,
Uhvxpdprv=#vrpd#p/#xvh#u#$+JoòÂÀwvrq#Djxldu#Pduwlqv,
Qhgd#Oqle#dpd#vòÂÀ#Rvdpd#Elq#Odghq1+JoòÂÀwvrq#Djxldu#Pduwlqv,
VòÂÀ#phwhprv1+Shgur#Dxjxvwr#Fkl}}rolql#Orqho,
Xuxexuhwdpd#dpd#Whuxexux1#+JoòÂÀwvrq#Djxldu#Pduwlqv,
Dpr#Od#Sdorpd#+Jlxoldqr#Iudwlq,
Olyur#gd#gru#ylo1#+Mrlu#Pdxur,
Dudud#vòÂÀ#yl#xuxex#uxlyr#vduduòÂÀ$#+VòÂÀujlr#LjuòÂÀv,
D#gdu#dòÂÀòÂÀfdu#òÂÀ#vhu#dòÂÀxfdudgdB#+VòÂÀujlr#LjuòÂÀv,
D#yòÂÀ#fdgdyhu#wòÂÀ#qd#wuhyd#gd#fryd$#+VòÂÀujlr#LjuòÂÀv,
Dr#yhu#wxeduòÂÀr#qr#du#dexwuh#yrd1#+VòÂÀujlr#LjuòÂÀv,
Hoh/furfrglor/vòÂÀolgr#frufho#òÂÀ$#+VòÂÀujlr#LjuòÂÀv,
Hqfduh#whu#dfqh$#+VòÂÀujlr#LjuòÂÀv,
Vh#vriur/pdwhpòÂÀwlfr#vòÂÀ#flwd#phwdpruirvhv$#+VòÂÀujlr#LjuòÂÀv,
Hlq#Hvho#ohvh#qlh1
Ghq#uhw#wdsuh#Nqxg#òÂÀjh#l#HjòÂÀ#gxqnhu#sdwwhu#qhg1
Ghq#odnv#vndo#qhg1
Ghq#odnv#vndo#qhg1
Gdphmhu#Qlv#Ehuj#juhe#vlq#uhmhpdg1
Hovd#kdu#idw#l#Ulwd#iud#Kdvoh1
OòÂÀv#rnvhpdghq#qhg#rj#jly#Yljjr#ghqqh#gdphvnrvòÂÀo1
Ghjqhqh#wudi#l#iduwhq#hq#jhg1
Wuh#qhjuh#phg#idqh/#hq#di#ghp#hu#jhqhuw1
Vhopdv#odnvhuòÂÀgh#jdudjhgòÂÀuh#vndo#vdpohv1
Wurogh#phg#oruw1
Deoh#zdv#L#huh#L#vdz#Hoed#+iudvh#txh#srghuld#whu#vlgr#glwd#sru#QdsrohòÂÀr#ghsrlv#gh#ghuurwdgr#hp#Zdwhuorr,
D#pdq/#d#sodq/#d#fdqdo/#Sdqdpd$
FljduB#Wrvv#lw#lq#d#fdq/#lw#lv#vr#wudjlf1
Ghqqlv#dqg#Hgqd#vlqqhg1
Grf/#qrwh/#L#glvvhqw=#d#idvw#qhyhu#suhyhqwv#d#idwqhvv>#L#glhw#rq#frg1
Jrg/#qr#hylo/#olyh#rq#grj1
Jrg#olyhg#dv#d#ghylo#grj1
L#oryh#ph/#Yro#L1
L#urdphg#xqghu#lw/#d#wluhg#qxgh#pdrul1
Ohzg#glg#L#olyh#)#hylo#L#glg#gzho1
Pdgdp/#L*p#Dgdp1
Pdg#dv#Vdgdp1#+Fdvvldqr#Ohrqhool#h#HvwòÂÀyòÂÀr#Txhlurjd,
Qdw#vdz#L#zdv#wdq1
Qrw#d#khur#zruh#kdw#rq
Vdwdq#rvfloodwh#p|#phwdoolf#vrqdwdv#+dv#sdodyudv#hvfulwdv#mxqwdv#irupdp#r#wòÂÀwxor#gh#xp#HS#gd#edqgd#Vrxqgjdughq,
Vhh/#vodyh/#L#ghprqvwudwh#|hw#duwv#qr#phglhydo#vhhv1#+Jhrujhv#Shuhf,
Vwrs#qr#wrs#d#srw#rq#srwv
Vxpv#duh#qrw#vhw#dv#d#whvw#rq#Hudvpxv1
Zdv#lw#d#fdu#ru#d#fdw#L#vdzB
4567887654
456789:;<
4561789:
5678/9876
567/778/888
55451567651567658
45:141414
45:/3/3/3
/38
145
451
456/
